Sun Jan 06 2019 15:11:28 GMT+0000 (Greenwich Mean Time):  GET /
Sun Jan 06 2019 15:11:30 GMT+0000 (Greenwich Mean Time):  GET /about
Sun Jan 06 2019 15:11:30 GMT+0000 (Greenwich Mean Time):  GET /
Sun Jan 06 2019 15:11:31 GMT+0000 (Greenwich Mean Time):  GET /about
Sun Jan 06 2019 15:11:32 GMT+0000 (Greenwich Mean Time):  GET /
Sun Jan 06 2019 15:16:44 GMT+0000 (Greenwich Mean Time):  GET /test
Sun Jan 06 2019 15:16:50 GMT+0000 (Greenwich Mean Time):  GET /
Sun Jan 06 2019 15:17:17 GMT+0000 (Greenwich Mean Time):  GET /
Sun Jan 06 2019 15:17:21 GMT+0000 (Greenwich Mean Time):  GET /test
Sun Jan 06 2019 15:17:51 GMT+0000 (Greenwich Mean Time):  GET /about
Sun Jan 06 2019 15:17:53 GMT+0000 (Greenwich Mean Time):  GET /
Sun Jan 06 2019 15:17:54 GMT+0000 (Greenwich Mean Time):  GET /about
Sun Jan 06 2019 15:20:19 GMT+0000 (Greenwich Mean Time):  GET /about
Sun Jan 06 2019 15:20:23 GMT+0000 (Greenwich Mean Time):  GET /about
Sun Jan 06 2019 15:20:23 GMT+0000 (Greenwich Mean Time):  GET /
Sun Jan 06 2019 15:21:24 GMT+0000 (Greenwich Mean Time):  GET /
Sun Jan 06 2019 15:21:32 GMT+0000 (Greenwich Mean Time):  GET /home
Sun Jan 06 2019 15:21:34 GMT+0000 (Greenwich Mean Time):  GET /about
Sun Jan 06 2019 15:26:02 GMT+0000 (Greenwich Mean Time):  GET /about
Sun Jan 06 2019 15:26:27 GMT+0000 (Greenwich Mean Time):  GET /help.html
Sun Jan 06 2019 15:26:31 GMT+0000 (Greenwich Mean Time):  GET /about
Sun Jan 06 2019 15:29:10 GMT+0000 (Greenwich Mean Time):  GET /about
Sun Jan 06 2019 15:29:12 GMT+0000 (Greenwich Mean Time):  GET /
Sun Jan 06 2019 15:29:13 GMT+0000 (Greenwich Mean Time):  GET /about
Sun Jan 06 2019 15:29:14 GMT+0000 (Greenwich Mean Time):  GET /
Sun Jan 06 2019 15:29:15 GMT+0000 (Greenwich Mean Time):  GET /about
Fri Jan 11 2019 08:58:27 GMT+0000 (Greenwich Mean Time):  GET /
Fri Jan 11 2019 08:58:28 GMT+0000 (Greenwich Mean Time):  GET /favicon.ico
Fri Jan 11 2019 08:58:31 GMT+0000 (Greenwich Mean Time):  GET /projects
Fri Jan 11 2019 08:58:33 GMT+0000 (Greenwich Mean Time):  GET /about
Fri Jan 11 2019 08:58:34 GMT+0000 (Greenwich Mean Time):  GET /
Fri Jan 11 2019 08:58:35 GMT+0000 (Greenwich Mean Time):  GET /about
Fri Jan 11 2019 08:58:37 GMT+0000 (Greenwich Mean Time):  GET /projects
